<?xml version="1.0" encoding="UTF-8"?>
<!-- Generated by org.testng.reporters.JUnitReportReporter -->
<testsuite hostname="SHUBHAM" failures="0" tests="1" name="entrata.functionality.tests.TC03" time="65.962" errors="0" timestamp="2024-10-07T12:17:19 IST" skipped="0">
  <testcase classname="entrata.functionality.tests.TC03" name="superEarlyBirdBaseCampRegistrationTest" time="65.962"/>
  <system-out/>
</testsuite> <!-- entrata.functionality.tests.TC03 -->
