<?xml version="1.0" encoding="UTF-8"?>
<!-- Generated by org.testng.reporters.JUnitReportReporter -->
<testsuite hostname="SHUBHAM" failures="0" tests="1" name="entrata.functionality.tests.TC01" time="42.794" errors="0" timestamp="2024-10-07T12:04:26 IST" skipped="0">
  <testcase classname="entrata.functionality.tests.TC01" name="fillTheWatchDemoFormTest" time="42.794"/>
  <system-out/>
</testsuite> <!-- entrata.functionality.tests.TC01 -->
