<?xml version="1.0" encoding="UTF-8"?>
<!-- Generated by org.testng.reporters.JUnitReportReporter -->
<testsuite hostname="SHUBHAM" failures="0" tests="1" name="entrata.functionality.tests.TC02" time="40.091" errors="0" timestamp="2024-10-07T12:04:26 IST" skipped="0">
  <testcase classname="entrata.functionality.tests.TC02" name="propertyManagerLoginTest" time="40.091"/>
  <system-out/>
</testsuite> <!-- entrata.functionality.tests.TC02 -->
