<?xml version="1.0" encoding="UTF-8"?>
<!-- Generated by org.testng.reporters.JUnitReportReporter -->
<testsuite hostname="SHUBHAM" failures="0" tests="1" name="entrata.functionality.tests.FillTheWatchDemoFormTest" time="20.043" errors="0" timestamp="2024-10-03T03:04:49 IST" skipped="0">
  <testcase classname="entrata.functionality.tests.FillTheWatchDemoFormTest" name="fillTheWatchDemoFormTest" time="20.043"/>
  <system-out/>
</testsuite> <!-- entrata.functionality.tests.FillTheWatchDemoFormTest -->
